{"C:\\Users\\nguel\\Projects\\node-git-lib\\git.js":{"path":"C:\\Users\\nguel\\Projects\\node-git-lib\\git.js","s":{"1":31,"2":31,"3":31,"4":31,"5":31,"6":31,"7":31,"8":31,"9":31,"10":32,"11":31,"12":2,"13":2,"14":2,"15":1,"16":1,"17":31,"18":2,"19":2,"20":2,"21":2,"22":1,"23":1,"24":31,"25":2,"26":2,"27":2,"28":1,"29":1,"30":31,"31":2,"32":2,"33":2,"34":1,"35":1,"36":1,"37":1,"38":7,"39":1,"40":1,"41":31,"42":2,"43":2,"44":2,"45":1,"46":1,"47":1,"48":1,"49":31,"50":3,"51":3,"52":3,"53":1,"54":2,"55":2,"56":2,"57":1,"58":1,"59":31,"60":2,"61":2,"62":2,"63":1,"64":1,"65":1,"66":1,"67":1,"68":31,"69":3,"70":3,"71":3,"72":5,"73":5,"74":2,"75":3,"76":3,"77":1,"78":2,"79":31,"80":1,"81":1,"82":1,"83":0,"84":1,"85":31,"86":1,"87":31,"88":1,"89":1,"90":1,"91":1,"92":5,"93":5,"94":3,"95":3,"96":3,"97":2,"98":1,"99":1,"100":1,"101":3,"102":2,"103":1,"104":31,"105":2,"106":2,"107":2,"108":1,"109":1,"110":1,"111":2,"112":2,"113":2,"114":1,"115":1,"116":1,"117":1,"118":31,"119":2,"120":2,"121":2,"122":1,"123":1,"124":31,"125":2,"126":2,"127":2,"128":1,"129":1,"130":31,"131":4,"132":4,"133":4,"134":1,"135":3,"136":31,"137":1,"138":1,"139":1,"140":2,"141":2,"142":2,"143":0,"144":0,"145":1,"146":31},"b":{"1":[1,1],"2":[2,2],"3":[1,1],"4":[1,1],"5":[1,1],"6":[1,6],"7":[1,1],"8":[1,2],"9":[1,1],"10":[1,1],"11":[2,1],"12":[2,3],"13":[1,2],"14":[0,1],"15":[1,0],"16":[3,2],"17":[2,1],"18":[1,1],"19":[1,1],"20":[1,1],"21":[1,1],"22":[1,3]},"f":{"1":32,"2":2,"3":2,"4":2,"5":2,"6":2,"7":2,"8":2,"9":2,"10":2,"11":2,"12":2,"13":2,"14":7,"15":2,"16":2,"17":2,"18":3,"19":3,"20":3,"21":2,"22":2,"23":2,"24":3,"25":3,"26":5,"27":5,"28":3,"29":1,"30":1,"31":1,"32":1,"33":1,"34":5,"35":1,"36":3,"37":2,"38":2,"39":2,"40":2,"41":2,"42":2,"43":2,"44":2,"45":2,"46":2,"47":2,"48":2,"49":4,"50":4,"51":4,"52":1,"53":1,"54":2,"55":2,"56":0,"57":1},"fnMap":{"1":{"name":"(anonymous_1)","line":11,"loc":{"start":{"line":11,"column":14},"end":{"line":11,"column":41}}},"2":{"name":"(anonymous_2)","line":15,"loc":{"start":{"line":15,"column":10},"end":{"line":15,"column":25}}},"3":{"name":"(anonymous_3)","line":16,"loc":{"start":{"line":16,"column":23},"end":{"line":16,"column":48}}},"4":{"name":"(anonymous_4)","line":17,"loc":{"start":{"line":17,"column":32},"end":{"line":17,"column":45}}},"5":{"name":"(anonymous_5)","line":28,"loc":{"start":{"line":28,"column":13},"end":{"line":28,"column":39}}},"6":{"name":"(anonymous_6)","line":30,"loc":{"start":{"line":30,"column":23},"end":{"line":30,"column":48}}},"7":{"name":"(anonymous_7)","line":31,"loc":{"start":{"line":31,"column":65},"end":{"line":31,"column":78}}},"8":{"name":"(anonymous_8)","line":42,"loc":{"start":{"line":42,"column":23},"end":{"line":42,"column":33}}},"9":{"name":"(anonymous_9)","line":43,"loc":{"start":{"line":43,"column":23},"end":{"line":43,"column":48}}},"10":{"name":"(anonymous_10)","line":44,"loc":{"start":{"line":44,"column":47},"end":{"line":44,"column":68}}},"11":{"name":"(anonymous_11)","line":55,"loc":{"start":{"line":55,"column":21},"end":{"line":55,"column":31}}},"12":{"name":"(anonymous_12)","line":56,"loc":{"start":{"line":56,"column":23},"end":{"line":56,"column":48}}},"13":{"name":"(anonymous_13)","line":57,"loc":{"start":{"line":57,"column":26},"end":{"line":57,"column":47}}},"14":{"name":"(anonymous_14)","line":64,"loc":{"start":{"line":64,"column":31},"end":{"line":64,"column":45}}},"15":{"name":"(anonymous_15)","line":75,"loc":{"start":{"line":75,"column":21},"end":{"line":75,"column":31}}},"16":{"name":"(anonymous_16)","line":76,"loc":{"start":{"line":76,"column":23},"end":{"line":76,"column":48}}},"17":{"name":"(anonymous_17)","line":77,"loc":{"start":{"line":77,"column":45},"end":{"line":77,"column":66}}},"18":{"name":"(anonymous_18)","line":90,"loc":{"start":{"line":90,"column":24},"end":{"line":90,"column":34}}},"19":{"name":"(anonymous_19)","line":91,"loc":{"start":{"line":91,"column":23},"end":{"line":91,"column":48}}},"20":{"name":"(anonymous_20)","line":92,"loc":{"start":{"line":92,"column":26},"end":{"line":92,"column":47}}},"21":{"name":"(anonymous_21)","line":110,"loc":{"start":{"line":110,"column":24},"end":{"line":110,"column":34}}},"22":{"name":"(anonymous_22)","line":111,"loc":{"start":{"line":111,"column":23},"end":{"line":111,"column":48}}},"23":{"name":"(anonymous_23)","line":112,"loc":{"start":{"line":112,"column":36},"end":{"line":112,"column":57}}},"24":{"name":"(anonymous_24)","line":126,"loc":{"start":{"line":126,"column":13},"end":{"line":126,"column":28}}},"25":{"name":"(anonymous_25)","line":128,"loc":{"start":{"line":128,"column":23},"end":{"line":128,"column":48}}},"26":{"name":"(anonymous_26)","line":129,"loc":{"start":{"line":129,"column":26},"end":{"line":129,"column":46}}},"27":{"name":"(anonymous_27)","line":130,"loc":{"start":{"line":130,"column":43},"end":{"line":130,"column":56}}},"28":{"name":"(anonymous_28)","line":138,"loc":{"start":{"line":138,"column":11},"end":{"line":138,"column":24}}},"29":{"name":"(anonymous_29)","line":149,"loc":{"start":{"line":149,"column":12},"end":{"line":149,"column":22}}},"30":{"name":"(anonymous_30)","line":150,"loc":{"start":{"line":150,"column":23},"end":{"line":150,"column":48}}},"31":{"name":"(anonymous_31)","line":151,"loc":{"start":{"line":151,"column":51},"end":{"line":151,"column":72}}},"32":{"name":"(anonymous_32)","line":162,"loc":{"start":{"line":162,"column":16},"end":{"line":162,"column":26}}},"33":{"name":"(anonymous_33)","line":167,"loc":{"start":{"line":167,"column":9},"end":{"line":167,"column":25}}},"34":{"name":"(anonymous_34)","line":171,"loc":{"start":{"line":171,"column":23},"end":{"line":171,"column":39}}},"35":{"name":"(anonymous_35)","line":184,"loc":{"start":{"line":184,"column":11},"end":{"line":184,"column":27}}},"36":{"name":"(anonymous_36)","line":186,"loc":{"start":{"line":186,"column":35},"end":{"line":186,"column":51}}},"37":{"name":"(anonymous_37)","line":196,"loc":{"start":{"line":196,"column":11},"end":{"line":196,"column":21}}},"38":{"name":"(anonymous_38)","line":197,"loc":{"start":{"line":197,"column":27},"end":{"line":197,"column":52}}},"39":{"name":"(anonymous_39)","line":198,"loc":{"start":{"line":198,"column":32},"end":{"line":198,"column":53}}},"40":{"name":"(anonymous_40)","line":209,"loc":{"start":{"line":209,"column":9},"end":{"line":209,"column":19}}},"41":{"name":"(anonymous_41)","line":210,"loc":{"start":{"line":210,"column":27},"end":{"line":210,"column":52}}},"42":{"name":"(anonymous_42)","line":211,"loc":{"start":{"line":211,"column":33},"end":{"line":211,"column":54}}},"43":{"name":"(anonymous_43)","line":225,"loc":{"start":{"line":225,"column":15},"end":{"line":225,"column":31}}},"44":{"name":"(anonymous_44)","line":226,"loc":{"start":{"line":226,"column":23},"end":{"line":226,"column":48}}},"45":{"name":"(anonymous_45)","line":227,"loc":{"start":{"line":227,"column":38},"end":{"line":227,"column":59}}},"46":{"name":"(anonymous_46)","line":238,"loc":{"start":{"line":238,"column":16},"end":{"line":238,"column":39}}},"47":{"name":"(anonymous_47)","line":239,"loc":{"start":{"line":239,"column":23},"end":{"line":239,"column":48}}},"48":{"name":"(anonymous_48)","line":240,"loc":{"start":{"line":240,"column":48},"end":{"line":240,"column":61}}},"49":{"name":"(anonymous_49)","line":251,"loc":{"start":{"line":251,"column":19},"end":{"line":251,"column":35}}},"50":{"name":"(anonymous_50)","line":252,"loc":{"start":{"line":252,"column":23},"end":{"line":252,"column":48}}},"51":{"name":"(anonymous_51)","line":253,"loc":{"start":{"line":253,"column":39},"end":{"line":253,"column":52}}},"52":{"name":"(anonymous_52)","line":264,"loc":{"start":{"line":264,"column":21},"end":{"line":264,"column":39}}},"53":{"name":"(anonymous_53)","line":269,"loc":{"start":{"line":269,"column":23},"end":{"line":269,"column":40}}},"54":{"name":"(anonymous_54)","line":270,"loc":{"start":{"line":270,"column":29},"end":{"line":270,"column":51}}},"55":{"name":"(anonymous_55)","line":271,"loc":{"start":{"line":271,"column":38},"end":{"line":271,"column":48}}},"56":{"name":"(anonymous_56)","line":274,"loc":{"start":{"line":274,"column":21},"end":{"line":274,"column":34}}},"57":{"name":"(anonymous_57)","line":278,"loc":{"start":{"line":278,"column":11},"end":{"line":278,"column":21}}}},"statementMap":{"1":{"start":{"line":2,"column":0},"end":{"line":2,"column":33}},"2":{"start":{"line":3,"column":0},"end":{"line":3,"column":49}},"3":{"start":{"line":4,"column":0},"end":{"line":4,"column":29}},"4":{"start":{"line":5,"column":0},"end":{"line":5,"column":23}},"5":{"start":{"line":6,"column":0},"end":{"line":6,"column":27}},"6":{"start":{"line":7,"column":0},"end":{"line":7,"column":26}},"7":{"start":{"line":8,"column":0},"end":{"line":8,"column":18}},"8":{"start":{"line":9,"column":0},"end":{"line":9,"column":17}},"9":{"start":{"line":11,"column":0},"end":{"line":13,"column":1}},"10":{"start":{"line":12,"column":4},"end":{"line":12,"column":61}},"11":{"start":{"line":15,"column":0},"end":{"line":26,"column":2}},"12":{"start":{"line":16,"column":4},"end":{"line":25,"column":7}},"13":{"start":{"line":17,"column":8},"end":{"line":24,"column":11}},"14":{"start":{"line":18,"column":12},"end":{"line":23,"column":13}},"15":{"start":{"line":19,"column":16},"end":{"line":19,"column":28}},"16":{"start":{"line":22,"column":16},"end":{"line":22,"column":26}},"17":{"start":{"line":28,"column":0},"end":{"line":40,"column":2}},"18":{"start":{"line":29,"column":4},"end":{"line":29,"column":28}},"19":{"start":{"line":30,"column":4},"end":{"line":39,"column":7}},"20":{"start":{"line":31,"column":8},"end":{"line":38,"column":11}},"21":{"start":{"line":32,"column":12},"end":{"line":37,"column":13}},"22":{"start":{"line":33,"column":16},"end":{"line":33,"column":28}},"23":{"start":{"line":36,"column":16},"end":{"line":36,"column":26}},"24":{"start":{"line":42,"column":0},"end":{"line":53,"column":2}},"25":{"start":{"line":43,"column":4},"end":{"line":52,"column":7}},"26":{"start":{"line":44,"column":8},"end":{"line":51,"column":11}},"27":{"start":{"line":45,"column":12},"end":{"line":50,"column":13}},"28":{"start":{"line":46,"column":16},"end":{"line":46,"column":28}},"29":{"start":{"line":49,"column":16},"end":{"line":49,"column":53}},"30":{"start":{"line":55,"column":0},"end":{"line":73,"column":2}},"31":{"start":{"line":56,"column":4},"end":{"line":72,"column":7}},"32":{"start":{"line":57,"column":8},"end":{"line":71,"column":11}},"33":{"start":{"line":58,"column":12},"end":{"line":70,"column":13}},"34":{"start":{"line":59,"column":16},"end":{"line":59,"column":28}},"35":{"start":{"line":62,"column":16},"end":{"line":62,"column":36}},"36":{"start":{"line":63,"column":16},"end":{"line":63,"column":44}},"37":{"start":{"line":64,"column":16},"end":{"line":68,"column":19}},"38":{"start":{"line":65,"column":20},"end":{"line":67,"column":21}},"39":{"start":{"line":66,"column":24},"end":{"line":66,"column":46}},"40":{"start":{"line":69,"column":16},"end":{"line":69,"column":47}},"41":{"start":{"line":75,"column":0},"end":{"line":88,"column":2}},"42":{"start":{"line":76,"column":4},"end":{"line":87,"column":7}},"43":{"start":{"line":77,"column":8},"end":{"line":86,"column":11}},"44":{"start":{"line":78,"column":12},"end":{"line":85,"column":13}},"45":{"start":{"line":79,"column":16},"end":{"line":79,"column":28}},"46":{"start":{"line":82,"column":16},"end":{"line":82,"column":47}},"47":{"start":{"line":83,"column":16},"end":{"line":83,"column":28}},"48":{"start":{"line":84,"column":16},"end":{"line":84,"column":31}},"49":{"start":{"line":90,"column":0},"end":{"line":108,"column":2}},"50":{"start":{"line":91,"column":4},"end":{"line":107,"column":7}},"51":{"start":{"line":92,"column":8},"end":{"line":106,"column":11}},"52":{"start":{"line":93,"column":12},"end":{"line":105,"column":13}},"53":{"start":{"line":94,"column":16},"end":{"line":94,"column":28}},"54":{"start":{"line":97,"column":16},"end":{"line":97,"column":43}},"55":{"start":{"line":98,"column":16},"end":{"line":98,"column":29}},"56":{"start":{"line":99,"column":16},"end":{"line":104,"column":17}},"57":{"start":{"line":100,"column":20},"end":{"line":100,"column":59}},"58":{"start":{"line":103,"column":20},"end":{"line":103,"column":30}},"59":{"start":{"line":110,"column":0},"end":{"line":124,"column":2}},"60":{"start":{"line":111,"column":4},"end":{"line":123,"column":7}},"61":{"start":{"line":112,"column":8},"end":{"line":122,"column":11}},"62":{"start":{"line":113,"column":12},"end":{"line":121,"column":13}},"63":{"start":{"line":114,"column":16},"end":{"line":114,"column":28}},"64":{"start":{"line":117,"column":16},"end":{"line":117,"column":36}},"65":{"start":{"line":118,"column":16},"end":{"line":118,"column":44}},"66":{"start":{"line":119,"column":16},"end":{"line":119,"column":29}},"67":{"start":{"line":120,"column":16},"end":{"line":120,"column":32}},"68":{"start":{"line":126,"column":0},"end":{"line":147,"column":2}},"69":{"start":{"line":127,"column":4},"end":{"line":127,"column":51}},"70":{"start":{"line":128,"column":4},"end":{"line":146,"column":7}},"71":{"start":{"line":129,"column":8},"end":{"line":145,"column":11}},"72":{"start":{"line":130,"column":12},"end":{"line":137,"column":15}},"73":{"start":{"line":131,"column":16},"end":{"line":136,"column":17}},"74":{"start":{"line":132,"column":20},"end":{"line":132,"column":30}},"75":{"start":{"line":135,"column":20},"end":{"line":135,"column":27}},"76":{"start":{"line":139,"column":12},"end":{"line":144,"column":13}},"77":{"start":{"line":140,"column":16},"end":{"line":140,"column":28}},"78":{"start":{"line":143,"column":16},"end":{"line":143,"column":26}},"79":{"start":{"line":149,"column":0},"end":{"line":160,"column":2}},"80":{"start":{"line":150,"column":4},"end":{"line":159,"column":7}},"81":{"start":{"line":151,"column":8},"end":{"line":158,"column":11}},"82":{"start":{"line":152,"column":12},"end":{"line":157,"column":13}},"83":{"start":{"line":153,"column":16},"end":{"line":153,"column":118}},"84":{"start":{"line":156,"column":16},"end":{"line":156,"column":32}},"85":{"start":{"line":162,"column":0},"end":{"line":164,"column":2}},"86":{"start":{"line":163,"column":4},"end":{"line":163,"column":70}},"87":{"start":{"line":166,"column":0},"end":{"line":193,"column":2}},"88":{"start":{"line":168,"column":8},"end":{"line":168,"column":26}},"89":{"start":{"line":169,"column":8},"end":{"line":169,"column":36}},"90":{"start":{"line":170,"column":8},"end":{"line":170,"column":21}},"91":{"start":{"line":171,"column":8},"end":{"line":181,"column":11}},"92":{"start":{"line":172,"column":12},"end":{"line":172,"column":41}},"93":{"start":{"line":173,"column":12},"end":{"line":180,"column":13}},"94":{"start":{"line":174,"column":16},"end":{"line":174,"column":55}},"95":{"start":{"line":175,"column":16},"end":{"line":175,"column":65}},"96":{"start":{"line":176,"column":16},"end":{"line":176,"column":38}},"97":{"start":{"line":179,"column":16},"end":{"line":179,"column":38}},"98":{"start":{"line":182,"column":8},"end":{"line":182,"column":24}},"99":{"start":{"line":185,"column":8},"end":{"line":185,"column":26}},"100":{"start":{"line":186,"column":8},"end":{"line":190,"column":11}},"101":{"start":{"line":187,"column":12},"end":{"line":189,"column":13}},"102":{"start":{"line":188,"column":16},"end":{"line":188,"column":105}},"103":{"start":{"line":191,"column":8},"end":{"line":191,"column":24}},"104":{"start":{"line":195,"column":0},"end":{"line":223,"column":1}},"105":{"start":{"line":197,"column":8},"end":{"line":207,"column":11}},"106":{"start":{"line":198,"column":12},"end":{"line":206,"column":15}},"107":{"start":{"line":199,"column":16},"end":{"line":205,"column":17}},"108":{"start":{"line":200,"column":20},"end":{"line":200,"column":32}},"109":{"start":{"line":203,"column":20},"end":{"line":203,"column":63}},"110":{"start":{"line":204,"column":20},"end":{"line":204,"column":38}},"111":{"start":{"line":210,"column":8},"end":{"line":221,"column":11}},"112":{"start":{"line":211,"column":12},"end":{"line":220,"column":15}},"113":{"start":{"line":212,"column":16},"end":{"line":219,"column":17}},"114":{"start":{"line":213,"column":20},"end":{"line":213,"column":32}},"115":{"start":{"line":216,"column":20},"end":{"line":216,"column":61}},"116":{"start":{"line":217,"column":20},"end":{"line":217,"column":48}},"117":{"start":{"line":218,"column":20},"end":{"line":218,"column":38}},"118":{"start":{"line":225,"column":0},"end":{"line":236,"column":2}},"119":{"start":{"line":226,"column":4},"end":{"line":235,"column":7}},"120":{"start":{"line":227,"column":8},"end":{"line":234,"column":11}},"121":{"start":{"line":228,"column":12},"end":{"line":233,"column":13}},"122":{"start":{"line":229,"column":16},"end":{"line":229,"column":28}},"123":{"start":{"line":232,"column":16},"end":{"line":232,"column":32}},"124":{"start":{"line":238,"column":0},"end":{"line":249,"column":2}},"125":{"start":{"line":239,"column":4},"end":{"line":248,"column":7}},"126":{"start":{"line":240,"column":8},"end":{"line":247,"column":11}},"127":{"start":{"line":241,"column":12},"end":{"line":246,"column":13}},"128":{"start":{"line":242,"column":16},"end":{"line":242,"column":28}},"129":{"start":{"line":245,"column":16},"end":{"line":245,"column":39}},"130":{"start":{"line":251,"column":0},"end":{"line":262,"column":2}},"131":{"start":{"line":252,"column":4},"end":{"line":261,"column":7}},"132":{"start":{"line":253,"column":8},"end":{"line":260,"column":11}},"133":{"start":{"line":254,"column":12},"end":{"line":259,"column":13}},"134":{"start":{"line":255,"column":16},"end":{"line":255,"column":28}},"135":{"start":{"line":258,"column":16},"end":{"line":258,"column":26}},"136":{"start":{"line":264,"column":0},"end":{"line":282,"column":2}},"137":{"start":{"line":265,"column":4},"end":{"line":268,"column":6}},"138":{"start":{"line":269,"column":4},"end":{"line":281,"column":7}},"139":{"start":{"line":270,"column":8},"end":{"line":280,"column":11}},"140":{"start":{"line":271,"column":12},"end":{"line":277,"column":15}},"141":{"start":{"line":272,"column":16},"end":{"line":272,"column":41}},"142":{"start":{"line":273,"column":16},"end":{"line":273,"column":23}},"143":{"start":{"line":275,"column":16},"end":{"line":275,"column":41}},"144":{"start":{"line":276,"column":16},"end":{"line":276,"column":23}},"145":{"start":{"line":279,"column":12},"end":{"line":279,"column":25}},"146":{"start":{"line":284,"column":0},"end":{"line":301,"column":2}}},"branchMap":{"1":{"line":18,"type":"if","locations":[{"start":{"line":18,"column":12},"end":{"line":18,"column":12}},{"start":{"line":18,"column":12},"end":{"line":18,"column":12}}]},"2":{"line":29,"type":"binary-expr","locations":[{"start":{"line":29,"column":14},"end":{"line":29,"column":21}},{"start":{"line":29,"column":25},"end":{"line":29,"column":27}}]},"3":{"line":32,"type":"if","locations":[{"start":{"line":32,"column":12},"end":{"line":32,"column":12}},{"start":{"line":32,"column":12},"end":{"line":32,"column":12}}]},"4":{"line":45,"type":"if","locations":[{"start":{"line":45,"column":12},"end":{"line":45,"column":12}},{"start":{"line":45,"column":12},"end":{"line":45,"column":12}}]},"5":{"line":58,"type":"if","locations":[{"start":{"line":58,"column":12},"end":{"line":58,"column":12}},{"start":{"line":58,"column":12},"end":{"line":58,"column":12}}]},"6":{"line":65,"type":"if","locations":[{"start":{"line":65,"column":20},"end":{"line":65,"column":20}},{"start":{"line":65,"column":20},"end":{"line":65,"column":20}}]},"7":{"line":78,"type":"if","locations":[{"start":{"line":78,"column":12},"end":{"line":78,"column":12}},{"start":{"line":78,"column":12},"end":{"line":78,"column":12}}]},"8":{"line":93,"type":"if","locations":[{"start":{"line":93,"column":12},"end":{"line":93,"column":12}},{"start":{"line":93,"column":12},"end":{"line":93,"column":12}}]},"9":{"line":99,"type":"if","locations":[{"start":{"line":99,"column":16},"end":{"line":99,"column":16}},{"start":{"line":99,"column":16},"end":{"line":99,"column":16}}]},"10":{"line":113,"type":"if","locations":[{"start":{"line":113,"column":12},"end":{"line":113,"column":12}},{"start":{"line":113,"column":12},"end":{"line":113,"column":12}}]},"11":{"line":127,"type":"cond-expr","locations":[{"start":{"line":127,"column":35},"end":{"line":127,"column":40}},{"start":{"line":127,"column":43},"end":{"line":127,"column":50}}]},"12":{"line":131,"type":"if","locations":[{"start":{"line":131,"column":16},"end":{"line":131,"column":16}},{"start":{"line":131,"column":16},"end":{"line":131,"column":16}}]},"13":{"line":139,"type":"if","locations":[{"start":{"line":139,"column":12},"end":{"line":139,"column":12}},{"start":{"line":139,"column":12},"end":{"line":139,"column":12}}]},"14":{"line":152,"type":"if","locations":[{"start":{"line":152,"column":12},"end":{"line":152,"column":12}},{"start":{"line":152,"column":12},"end":{"line":152,"column":12}}]},"15":{"line":163,"type":"cond-expr","locations":[{"start":{"line":163,"column":58},"end":{"line":163,"column":62}},{"start":{"line":163,"column":64},"end":{"line":163,"column":69}}]},"16":{"line":173,"type":"if","locations":[{"start":{"line":173,"column":12},"end":{"line":173,"column":12}},{"start":{"line":173,"column":12},"end":{"line":173,"column":12}}]},"17":{"line":187,"type":"if","locations":[{"start":{"line":187,"column":12},"end":{"line":187,"column":12}},{"start":{"line":187,"column":12},"end":{"line":187,"column":12}}]},"18":{"line":199,"type":"if","locations":[{"start":{"line":199,"column":16},"end":{"line":199,"column":16}},{"start":{"line":199,"column":16},"end":{"line":199,"column":16}}]},"19":{"line":212,"type":"if","locations":[{"start":{"line":212,"column":16},"end":{"line":212,"column":16}},{"start":{"line":212,"column":16},"end":{"line":212,"column":16}}]},"20":{"line":228,"type":"if","locations":[{"start":{"line":228,"column":12},"end":{"line":228,"column":12}},{"start":{"line":228,"column":12},"end":{"line":228,"column":12}}]},"21":{"line":241,"type":"if","locations":[{"start":{"line":241,"column":12},"end":{"line":241,"column":12}},{"start":{"line":241,"column":12},"end":{"line":241,"column":12}}]},"22":{"line":254,"type":"if","locations":[{"start":{"line":254,"column":12},"end":{"line":254,"column":12}},{"start":{"line":254,"column":12},"end":{"line":254,"column":12}}]}}},"C:\\Users\\nguel\\Projects\\node-git-lib\\lib\\uncommit.js":{"path":"C:\\Users\\nguel\\Projects\\node-git-lib\\lib\\uncommit.js","s":{"1":31,"2":31,"3":31,"4":0,"5":0,"6":0,"7":0,"8":0,"9":0},"b":{"1":[0,0],"2":[0,0]},"f":{"1":31,"2":0,"3":0,"4":0},"fnMap":{"1":{"name":"(anonymous_1)","line":4,"loc":{"start":{"line":4,"column":17},"end":{"line":4,"column":35}}},"2":{"name":"(anonymous_2)","line":5,"loc":{"start":{"line":5,"column":11},"end":{"line":5,"column":21}}},"3":{"name":"(anonymous_3)","line":6,"loc":{"start":{"line":6,"column":27},"end":{"line":6,"column":52}}},"4":{"name":"(anonymous_4)","line":8,"loc":{"start":{"line":8,"column":44},"end":{"line":8,"column":57}}}},"statementMap":{"1":{"start":{"line":2,"column":0},"end":{"line":2,"column":33}},"2":{"start":{"line":4,"column":0},"end":{"line":18,"column":2}},"3":{"start":{"line":5,"column":4},"end":{"line":17,"column":5}},"4":{"start":{"line":6,"column":8},"end":{"line":16,"column":11}},"5":{"start":{"line":7,"column":12},"end":{"line":7,"column":73}},"6":{"start":{"line":8,"column":12},"end":{"line":15,"column":15}},"7":{"start":{"line":9,"column":16},"end":{"line":14,"column":17}},"8":{"start":{"line":10,"column":20},"end":{"line":10,"column":32}},"9":{"start":{"line":13,"column":20},"end":{"line":13,"column":30}}},"branchMap":{"1":{"line":7,"type":"cond-expr","locations":[{"start":{"line":7,"column":56},"end":{"line":7,"column":63}},{"start":{"line":7,"column":66},"end":{"line":7,"column":73}}]},"2":{"line":9,"type":"if","locations":[{"start":{"line":9,"column":16},"end":{"line":9,"column":16}},{"start":{"line":9,"column":16},"end":{"line":9,"column":16}}]}}}}