TN:
SF:C:\Users\nguel\Projects\node-git-lib\git.js
FN:11,(anonymous_1)
FN:15,(anonymous_2)
FN:16,(anonymous_3)
FN:17,(anonymous_4)
FN:28,(anonymous_5)
FN:30,(anonymous_6)
FN:31,(anonymous_7)
FN:42,(anonymous_8)
FN:43,(anonymous_9)
FN:44,(anonymous_10)
FN:55,(anonymous_11)
FN:56,(anonymous_12)
FN:57,(anonymous_13)
FN:64,(anonymous_14)
FN:75,(anonymous_15)
FN:76,(anonymous_16)
FN:77,(anonymous_17)
FN:90,(anonymous_18)
FN:91,(anonymous_19)
FN:92,(anonymous_20)
FN:110,(anonymous_21)
FN:111,(anonymous_22)
FN:112,(anonymous_23)
FN:126,(anonymous_24)
FN:128,(anonymous_25)
FN:129,(anonymous_26)
FN:130,(anonymous_27)
FN:138,(anonymous_28)
FN:149,(anonymous_29)
FN:150,(anonymous_30)
FN:151,(anonymous_31)
FN:162,(anonymous_32)
FN:167,(anonymous_33)
FN:171,(anonymous_34)
FN:184,(anonymous_35)
FN:186,(anonymous_36)
FN:196,(anonymous_37)
FN:197,(anonymous_38)
FN:198,(anonymous_39)
FN:209,(anonymous_40)
FN:210,(anonymous_41)
FN:211,(anonymous_42)
FN:225,(anonymous_43)
FN:226,(anonymous_44)
FN:227,(anonymous_45)
FN:238,(anonymous_46)
FN:239,(anonymous_47)
FN:240,(anonymous_48)
FN:251,(anonymous_49)
FN:252,(anonymous_50)
FN:253,(anonymous_51)
FN:264,(anonymous_52)
FN:269,(anonymous_53)
FN:270,(anonymous_54)
FN:271,(anonymous_55)
FN:274,(anonymous_56)
FN:278,(anonymous_57)
FNF:57
FNH:56
FNDA:32,(anonymous_1)
FNDA:2,(anonymous_2)
FNDA:2,(anonymous_3)
FNDA:2,(anonymous_4)
FNDA:2,(anonymous_5)
FNDA:2,(anonymous_6)
FNDA:2,(anonymous_7)
FNDA:2,(anonymous_8)
FNDA:2,(anonymous_9)
FNDA:2,(anonymous_10)
FNDA:2,(anonymous_11)
FNDA:2,(anonymous_12)
FNDA:2,(anonymous_13)
FNDA:7,(anonymous_14)
FNDA:2,(anonymous_15)
FNDA:2,(anonymous_16)
FNDA:2,(anonymous_17)
FNDA:3,(anonymous_18)
FNDA:3,(anonymous_19)
FNDA:3,(anonymous_20)
FNDA:2,(anonymous_21)
FNDA:2,(anonymous_22)
FNDA:2,(anonymous_23)
FNDA:3,(anonymous_24)
FNDA:3,(anonymous_25)
FNDA:5,(anonymous_26)
FNDA:5,(anonymous_27)
FNDA:3,(anonymous_28)
FNDA:1,(anonymous_29)
FNDA:1,(anonymous_30)
FNDA:1,(anonymous_31)
FNDA:1,(anonymous_32)
FNDA:1,(anonymous_33)
FNDA:5,(anonymous_34)
FNDA:1,(anonymous_35)
FNDA:3,(anonymous_36)
FNDA:2,(anonymous_37)
FNDA:2,(anonymous_38)
FNDA:2,(anonymous_39)
FNDA:2,(anonymous_40)
FNDA:2,(anonymous_41)
FNDA:2,(anonymous_42)
FNDA:2,(anonymous_43)
FNDA:2,(anonymous_44)
FNDA:2,(anonymous_45)
FNDA:2,(anonymous_46)
FNDA:2,(anonymous_47)
FNDA:2,(anonymous_48)
FNDA:4,(anonymous_49)
FNDA:4,(anonymous_50)
FNDA:4,(anonymous_51)
FNDA:1,(anonymous_52)
FNDA:1,(anonymous_53)
FNDA:2,(anonymous_54)
FNDA:2,(anonymous_55)
FNDA:0,(anonymous_56)
FNDA:1,(anonymous_57)
DA:2,31
DA:3,31
DA:4,31
DA:5,31
DA:6,31
DA:7,31
DA:8,31
DA:9,31
DA:11,31
DA:12,32
DA:15,31
DA:16,2
DA:17,2
DA:18,2
DA:19,1
DA:22,1
DA:28,31
DA:29,2
DA:30,2
DA:31,2
DA:32,2
DA:33,1
DA:36,1
DA:42,31
DA:43,2
DA:44,2
DA:45,2
DA:46,1
DA:49,1
DA:55,31
DA:56,2
DA:57,2
DA:58,2
DA:59,1
DA:62,1
DA:63,1
DA:64,1
DA:65,7
DA:66,1
DA:69,1
DA:75,31
DA:76,2
DA:77,2
DA:78,2
DA:79,1
DA:82,1
DA:83,1
DA:84,1
DA:90,31
DA:91,3
DA:92,3
DA:93,3
DA:94,1
DA:97,2
DA:98,2
DA:99,2
DA:100,1
DA:103,1
DA:110,31
DA:111,2
DA:112,2
DA:113,2
DA:114,1
DA:117,1
DA:118,1
DA:119,1
DA:120,1
DA:126,31
DA:127,3
DA:128,3
DA:129,3
DA:130,5
DA:131,5
DA:132,2
DA:135,3
DA:139,3
DA:140,1
DA:143,2
DA:149,31
DA:150,1
DA:151,1
DA:152,1
DA:153,0
DA:156,1
DA:162,31
DA:163,1
DA:166,31
DA:168,1
DA:169,1
DA:170,1
DA:171,1
DA:172,5
DA:173,5
DA:174,3
DA:175,3
DA:176,3
DA:179,2
DA:182,1
DA:185,1
DA:186,1
DA:187,3
DA:188,2
DA:191,1
DA:195,31
DA:197,2
DA:198,2
DA:199,2
DA:200,1
DA:203,1
DA:204,1
DA:210,2
DA:211,2
DA:212,2
DA:213,1
DA:216,1
DA:217,1
DA:218,1
DA:225,31
DA:226,2
DA:227,2
DA:228,2
DA:229,1
DA:232,1
DA:238,31
DA:239,2
DA:240,2
DA:241,2
DA:242,1
DA:245,1
DA:251,31
DA:252,4
DA:253,4
DA:254,4
DA:255,1
DA:258,3
DA:264,31
DA:265,1
DA:269,1
DA:270,1
DA:271,2
DA:272,2
DA:273,2
DA:275,0
DA:276,0
DA:279,1
DA:284,31
LF:146
LH:143
BRDA:18,1,0,1
BRDA:18,1,1,1
BRDA:29,2,0,2
BRDA:29,2,1,2
BRDA:32,3,0,1
BRDA:32,3,1,1
BRDA:45,4,0,1
BRDA:45,4,1,1
BRDA:58,5,0,1
BRDA:58,5,1,1
BRDA:65,6,0,1
BRDA:65,6,1,6
BRDA:78,7,0,1
BRDA:78,7,1,1
BRDA:93,8,0,1
BRDA:93,8,1,2
BRDA:99,9,0,1
BRDA:99,9,1,1
BRDA:113,10,0,1
BRDA:113,10,1,1
BRDA:127,11,0,2
BRDA:127,11,1,1
BRDA:131,12,0,2
BRDA:131,12,1,3
BRDA:139,13,0,1
BRDA:139,13,1,2
BRDA:152,14,0,0
BRDA:152,14,1,1
BRDA:163,15,0,1
BRDA:163,15,1,0
BRDA:173,16,0,3
BRDA:173,16,1,2
BRDA:187,17,0,2
BRDA:187,17,1,1
BRDA:199,18,0,1
BRDA:199,18,1,1
BRDA:212,19,0,1
BRDA:212,19,1,1
BRDA:228,20,0,1
BRDA:228,20,1,1
BRDA:241,21,0,1
BRDA:241,21,1,1
BRDA:254,22,0,1
BRDA:254,22,1,3
BRF:44
BRH:42
end_of_record
TN:
SF:C:\Users\nguel\Projects\node-git-lib\lib\uncommit.js
FN:4,(anonymous_1)
FN:5,(anonymous_2)
FN:6,(anonymous_3)
FN:8,(anonymous_4)
FNF:4
FNH:1
FNDA:31,(anonymous_1)
FNDA:0,(anonymous_2)
FNDA:0,(anonymous_3)
FNDA:0,(anonymous_4)
DA:2,31
DA:4,31
DA:5,31
DA:6,0
DA:7,0
DA:8,0
DA:9,0
DA:10,0
DA:13,0
LF:9
LH:3
BRDA:7,1,0,0
BRDA:7,1,1,0
BRDA:9,2,0,0
BRDA:9,2,1,0
BRF:4
BRH:0
end_of_record
